xmc原数据条数：9893
xmc原数据条数：9893
xmc清洗后数据条数：2
xmc原数据条数：9893
xmc清洗后数据条数：2
xmc原数据条数：9893
xmc原数据条数：9893
xmc清洗后数据条数：2
xmc原数据条数：9893
xmc清洗后数据条数：2
xmc原数据条数：9893
xmc清洗后数据条数：9893
xmc原数据条数：9893
xmc清洗后数据条数：9893
xmc原数据条数：9893
xmc清洗后数据条数：9893
xmc原数据条数：9893
xmc清洗后数据条数：9893
xmc原数据条数：9893
xmc清洗后数据条数：9405
xmc原数据条数：9893
xmc清洗后数据条数：9405
xmc原数据条数：9893
xmc清洗后数据条数：9405
xmc原数据条数：9893
xmc清洗后数据条数：9405
xmc原数据条数：9893
xmc清洗后数据条数：9405
xmc原数据条数：9893
xmc清洗后数据条数：9405
xmc原数据条数：9893
xmc清洗后数据条数：9405
xmc原数据条数：9893
xmc清洗后数据条数：9393
xmc原数据条数：9893
xmc清洗后数据条数：9393
xmc原数据条数：9893
xmc清洗后数据条数：9393
xmc原数据条数：9893
xmc清洗后数据条数：9393
xmc原数据条数：9893
xmc清洗后数据条数：9393
xmc原数据条数：9893
xmc清洗后数据条数：9393
xmc原数据条数：9893
xmc清洗后数据条数：9393
xmc原数据条数：9893
xmc清洗后数据条数：9393
xmc原数据条数：9893
xmc清洗后数据条数：9393
xmc原数据条数：9893
xmc清洗后数据条数：9688
xmc原数据条数：9893
xmc清洗后数据条数：9393
xmc原数据条数：9893
xmc原数据条数：9893
xmc清洗后数据条数：9392
xmc原数据条数：9893
xmc清洗后数据条数：9393
xmc原数据条数：9893
xmc清洗后数据条数：9393
xmc原数据条数：9893
xmc清洗后数据条数：9393
xmc原数据条数：9893
xmc清洗后数据条数：9341
xmc原数据条数：9893
xmc清洗后数据条数：9341
xmc原数据条数：9893
xmc原数据条数：9893
xmc清洗后数据条数：9341
xmc原数据条数：9893
xmc清洗后数据条数：9341
xmc原数据条数：9893
xmc清洗后数据条数：9341
xmc原数据条数：9893
xmc清洗后数据条数：9341
xmc原数据条数：9893
xmc清洗后数据条数：9341
xmc原数据条数：9893
xmc清洗后数据条数：9341
xmc原数据条数：9893
xmc清洗后数据条数：9341
xmc原数据条数：9893
xmc清洗后数据条数：9341
dxy原数据条数：9979
dxy清晰后数据条数：9849
不含描述文本的提问数：2148
dxy原数据条数：9979
dxy清晰后数据条数：9849
不含描述文本的提问数：2148
dxy原数据条数：9979
dxy清晰后数据条数：9849
不含描述文本的提问数：2148
dxy原数据条数：9979
dxy清晰后数据条数：9849
不含描述文本的提问数：2148
dxy原数据条数：9979
dxy清晰后数据条数：9849
不含描述文本的提问数：2148
dxy原数据条数：9979
dxy清晰后数据条数：9849
不含描述文本的提问数：2148
