0,http://muchong.com/t-15380377-1,首次投稿，建筑方面，研究脚手架方向寻求审稿周期快的核心或普通期刊并且审稿专家较少的期刊推荐！！！希望得到各位虫友的推荐，万分感谢 论文投稿 投稿求助
1,http://muchong.com/t-15379914-1,rt当了第一作者名字放在第一位如何当大通讯？ 论文投稿 投稿求助
2,http://muchong.com/t-15380310-1,15天后两个审稿人给了意见，一个审稿人同意只需小修（是我本校非常厉害的大牛），另外一个建议大修，编辑却是给了拒稿！真的很郁闷，感觉不甘心！向各位专家朋友们求助一下该怎么做？ 论文投稿 投稿求助
3,http://muchong.com/t-15380326-1,学术小白一只，请问大佬们，springer催稿信是发给期刊右边的“contactus”里面的负责查看审稿进度的人，还是发给期刊的Chiefeditors？advisoryeditors？associateeditors？editors？我发给了springer里“contactus”的那个人，感觉他像是springer的人，不是期刊的人埃 论文投稿 投稿求助
4,http://muchong.com/t-15379088-1,收到期刊大修的通知，想咨询下各位前辈虫友，修改稿需要把图片单独放在一起吗？还是插入论文对应位置就可以了？我看期刊要求投稿时插入对应位置，但是没说修改稿怎么要求？有没有最近投过的前辈朋友，告诉我一下呢？谢谢！ 论文投稿 投稿求助
5,http://muchong.com/t-15379128-1,主编是个印度人，估计找的都是印度的审稿人，其中一个审稿人明显感觉他的恶意，评价很低，5分满分，给打的分全是1分，碰到这种情况怎么办？ 论文投稿 投稿求助
6,http://muchong.com/t-15380372-1,之前听说清洁生产很快，上个月月中投了，系统发的peerreviewstatus里面看到只有一个审稿人接受了邀请并且完成了身高，这都快一个月了，编辑还没换审稿人吗？ 论文投稿 投稿求助
7,http://muchong.com/t-15378610-1,求助各位大佬！！近期想投一篇铝模板方面的小论文，意向期刊为《建筑结构》、《工业建筑》、《土木工程与管理学报》。想了解下这三个期刊的审稿周期、审稿人信息和稿费情况，有没有了解的朋友，还请给些意见，万分感谢 论文投稿 投稿求助
8,http://muchong.com/t-15380226-1,投了NatureCommunication，今日查了一下后台，突然发现状态有更新，发邮件问了外导（即通讯作者），但还没有收到回复，所以先来问问有经验的虫友，现在这个情况更可能是什么结果？ 论文投稿 投稿求助
9,http://muchong.com/t-15380366-1,两个审稿人给的意见都比较正面，应该比较容易接收，但是文章要9月之前接收，想问一下大家的评价。1Assuch,Irecommendthismanuscriptforpublicationafterminorrevision.Thedetailedcommentsareshownbelow:2Itispossibletobeacceptedforpublicationaftersomerevisions. 论文投稿 投稿求助
10,http://muchong.com/t-15377162-1,在投稿时，审稿人是否能收到Coverletter 论文投稿 投稿求助
11,http://muchong.com/t-15380352-1,有没有大佬投过ACSAMI的综述啊？（不是受邀的哦），为啥我导师一直收到显示提交未成功的邮件呢？ 论文投稿 投稿求助
12,http://muchong.com/t-15380123-1,sci论文一审结果大修，修完后返回给原两个审稿人。现在提交一个多月了，一个2天内审完，但另一个迟迟不接收审稿，想向大家咨询下，这种情况需要再等些时间向编辑反映嘛，还是等编辑自行处理 论文投稿 投稿求助
13,http://muchong.com/t-15379655-1,最近投，这个期刊很有争议性，我也不懂，小白，能投吗，我师兄中了被人骂水，我也不知道我该不该投了，各位老师能给点意见吗 论文投稿 投稿求助
14,http://muchong.com/t-15375802-1,请问计算机工程与设计退修重审，请问大约需要多久？录用率高吗？ 论文投稿 投稿求助
15,http://muchong.com/t-15379773-1,昨天返修的时候，需要上传manuscript和revisedmanuscript（textunmarked）、revisedmanuscript（textwithchangesmarked）当时没有搜到manuscript是什么意思，以为就是最终版本，就把revisedmanuscript（textunmarked）改了名字重新上传了今天在网上看到manuscript是底稿的意思今天系统里是witheditor，我现在应该怎么办啊今天回想了一下，应该是上传的上一步选错了，manuscript那里没有打钩。导致下一步需要重新上传manuscript，系统里revisedmanuscript的两个... 论文投稿 投稿求助
16,http://muchong.com/t-15379885-1,各位前輩好小弟日前投搞IEICEtrans.fund.其中一個reviewer只審6天就結束請問是否代表機會不大了?有前輩有類似經驗可分享嗎?多謝 论文投稿 投稿求助
17,http://muchong.com/t-15380005-1,投了一篇文章，审稿人2小修1拒稿，编辑给了大修。其中一个小修的审稿人一条意见是，(3)Figure-1:1HNMRspectraasshowninfigure-1.WhatwastheNMRsolventused?Also,the1HNMRofcisisomersofPAMnandPMAnwasnotshowninthefigureorinmanuscript?大概意思就是说让标明核磁的溶剂。顺式异构体的核磁图没有吗？这个数据说实话不怎么重要，因为顺反异构变化我是通过紫外光谱监测的，时间好把控。因为我毕业了，样品都几乎没有了，再去补核磁图需要重新制备样品，非常不方便。请问审稿人这个意思是一定要... 论文投稿 投稿求助
0,http://muchong.com/t-15380377-1,首次投稿，建筑方面，研究脚手架方向寻求审稿周期快的核心或普通期刊并且审稿专家较少的期刊推荐！！！希望得到各位虫友的推荐，万分感谢 论文投稿 投稿求助
1,http://muchong.com/t-15379914-1,rt当了第一作者名字放在第一位如何当大通讯？ 论文投稿 投稿求助
2,http://muchong.com/t-15380310-1,15天后两个审稿人给了意见，一个审稿人同意只需小修（是我本校非常厉害的大牛），另外一个建议大修，编辑却是给了拒稿！真的很郁闷，感觉不甘心！向各位专家朋友们求助一下该怎么做？ 论文投稿 投稿求助
3,http://muchong.com/t-15380326-1,学术小白一只，请问大佬们，springer催稿信是发给期刊右边的“contactus”里面的负责查看审稿进度的人，还是发给期刊的Chiefeditors？advisoryeditors？associateeditors？editors？我发给了springer里“contactus”的那个人，感觉他像是springer的人，不是期刊的人埃 论文投稿 投稿求助
4,http://muchong.com/t-15379088-1,收到期刊大修的通知，想咨询下各位前辈虫友，修改稿需要把图片单独放在一起吗？还是插入论文对应位置就可以了？我看期刊要求投稿时插入对应位置，但是没说修改稿怎么要求？有没有最近投过的前辈朋友，告诉我一下呢？谢谢！ 论文投稿 投稿求助
5,http://muchong.com/t-15379128-1,主编是个印度人，估计找的都是印度的审稿人，其中一个审稿人明显感觉他的恶意，评价很低，5分满分，给打的分全是1分，碰到这种情况怎么办？ 论文投稿 投稿求助
6,http://muchong.com/t-15380372-1,之前听说清洁生产很快，上个月月中投了，系统发的peerreviewstatus里面看到只有一个审稿人接受了邀请并且完成了身高，这都快一个月了，编辑还没换审稿人吗？ 论文投稿 投稿求助
7,http://muchong.com/t-15378610-1,求助各位大佬！！近期想投一篇铝模板方面的小论文，意向期刊为《建筑结构》、《工业建筑》、《土木工程与管理学报》。想了解下这三个期刊的审稿周期、审稿人信息和稿费情况，有没有了解的朋友，还请给些意见，万分感谢 论文投稿 投稿求助
8,http://muchong.com/t-15380226-1,投了NatureCommunication，今日查了一下后台，突然发现状态有更新，发邮件问了外导（即通讯作者），但还没有收到回复，所以先来问问有经验的虫友，现在这个情况更可能是什么结果？ 论文投稿 投稿求助
9,http://muchong.com/t-15380366-1,两个审稿人给的意见都比较正面，应该比较容易接收，但是文章要9月之前接收，想问一下大家的评价。1Assuch,Irecommendthismanuscriptforpublicationafterminorrevision.Thedetailedcommentsareshownbelow:2Itispossibletobeacceptedforpublicationaftersomerevisions. 论文投稿 投稿求助
